<?xml version="1.0" encoding="utf-8"?><testsuites><testsuite name="pytest" errors="0" failures="0" skipped="0" tests="4" time="36.305" timestamp="2022-03-12T21:35:26.826808" hostname="DESKTOP-OJUL911"><testcase classname="test_dir.test_baidu.TestSearch" name="test_baidu_search_case" time="12.384" /><testcase classname="test_dir.test_baidu.TestSearchSettings" name="test_baidu_search_setting" time="10.906" /><testcase classname="test_dir.test_parametrize" name="test_baidu_search[1-Selenium]" time="5.690" /><testcase classname="test_dir.test_parametrize" name="test_baidu_search[2-poium]" time="7.223" /></testsuite></testsuites>